<?xml version="1.0" encoding="UTF-8"?>
<testsuite xmlns:xsi="http://www.w3.org/2001/XMLSchema-instance" xsi:noNamespaceSchemaLocation="https://maven.apache.org/surefire/maven-surefire-plugin/xsd/surefire-test-report.xsd" name="com.moviebookingapp.serviceImpl.UserServiceImplTest" time="0.052" tests="7" errors="0" skipped="0" failures="0">
  <properties>
[...]
</properties>
  <testcase name="registerUserTest" classname="com.moviebookingapp.serviceImpl.UserServiceImplTest" time="0.005"/>
  <testcase name="updatePasswordMismatchException" classname="com.moviebookingapp.serviceImpl.UserServiceImplTest" time="0.005"/>
  <testcase name="registerUserTestPasswordException" classname="com.moviebookingapp.serviceImpl.UserServiceImplTest" time="0.005"/>
  <testcase name="authenticateTest" classname="com.moviebookingapp.serviceImpl.UserServiceImplTest" time="0.006"/>
  <testcase name="registerUserTestException" classname="com.moviebookingapp.serviceImpl.UserServiceImplTest" time="0.007"/>
  <testcase name="updatePasswordException" classname="com.moviebookingapp.serviceImpl.UserServiceImplTest" time="0.006"/>
  <testcase name="updatePassword" classname="com.moviebookingapp.serviceImpl.UserServiceImplTest" time="0.006"/>
</testsuite>